<?xml version="1.0" encoding="UTF-8"?>
<!-- Generated by org.testng.reporters.JUnitReportReporter -->
<testsuite hostname="DESKTOP-CTMBMV2" failures="0" tests="1" name="com.arbysstg.Testcases.TC_placingOrder_003" time="20.146" errors="0" timestamp="05 Mar 2022 11:13:33 GMT" skipped="0">
  <testcase classname="com.arbysstg.Testcases.TC_placingOrder_003" name="placingOrder" time="20.146"/>
</testsuite> <!-- com.arbysstg.Testcases.TC_placingOrder_003 -->
