<?xml version="1.0" encoding="UTF-8"?>
<!-- Generated by org.testng.reporters.JUnitReportReporter -->
<testsuite hostname="DESKTOP-CTMBMV2" failures="0" tests="1" name="com.arbysstg.Testcases.TC_sigup_001" time="29.026" errors="0" timestamp="19 Nov 2021 09:27:41 GMT" skipped="0">
  <testcase classname="com.arbysstg.Testcases.TC_sigup_001" name="Signup" time="29.026"/>
</testsuite> <!-- com.arbysstg.Testcases.TC_sigup_001 -->
