<?xml version="1.0" encoding="UTF-8"?>
<!-- Generated by org.testng.reporters.JUnitReportReporter -->
<testsuite hostname="DESKTOP-CTMBMV2" failures="0" tests="1" name="com.arbysstg.Testcases.TC_Signin_002" time="9.843" errors="0" timestamp="05 Mar 2022 11:11:43 GMT" skipped="0">
  <testcase classname="com.arbysstg.Testcases.TC_Signin_002" name="signin" time="9.843"/>
</testsuite> <!-- com.arbysstg.Testcases.TC_Signin_002 -->
