<?xml version="1.0" encoding="UTF-8"?>
<!-- Generated by org.testng.reporters.JUnitReportReporter -->
<testsuite skipped="0" hostname="DESKTOP-CTMBMV2" name="com.arbysstg.Testcases.TC_Signin_002" tests="1" failures="0" timestamp="19 Nov 2021 11:44:43 GMT" time="14.745" errors="0">
  <testcase name="signin" time="14.745" classname="com.arbysstg.Testcases.TC_Signin_002"/>
</testsuite> <!-- com.arbysstg.Testcases.TC_Signin_002 -->
